<?xml version="1.0" encoding="UTF-8"?>
<!-- Generated by org.testng.reporters.JUnitXMLReporter -->
<testsuite hostname="Samsul_Alam" ignored="0" name="Test" tests="5" failures="0" timestamp="2021-07-27T08:10:06 IST" time="96.726" errors="0">
  <testcase name="chromeHeadless" time="14.383" classname="com.Test.Part1.HeadlessBrowser"/>
  <testcase name="chromHeadless1" time="4.839" classname="com.Test.Part1.HeadlessBrowser"/>
  <testcase name="fireFoxHeadless" time="33.05" classname="com.Test.Part1.HeadlessBrowser"/>
  <testcase name="fireFoxHeadless1" time="16.738" classname="com.Test.Part1.HeadlessBrowser"/>
  <testcase name="htmlUnitDriver" time="27.613" classname="com.Test.Part1.HeadlessBrowser"/>
</testsuite> <!-- Test -->
