<?xml version="1.0" encoding="UTF-8"?>
<testng-results skipped="0" failed="0" ignored="0" total="1" passed="1">
  <reporter-output>
  </reporter-output>
  <suite name="Default suite" duration-ms="189" started-at="2021-10-15T22:47:58 IST" finished-at="2021-10-15T22:47:58 IST">
    <groups>
    </groups>
    <test name="Default test" duration-ms="189" started-at="2021-10-15T22:47:58 IST" finished-at="2021-10-15T22:47:58 IST">
      <class name="com.Test.Part2.Practice3">
        <test-method status="PASS" signature="arrayPrograms()[pri:0, instance:com.Test.Part2.Practice3@365c30cc]" name="arrayPrograms" duration-ms="39" started-at="2021-10-15T22:47:58 IST" finished-at="2021-10-15T22:47:58 IST">
          <reporter-output>
          </reporter-output>
        </test-method> <!-- arrayPrograms -->
      </class> <!-- com.Test.Part2.Practice3 -->
    </test> <!-- Default test -->
  </suite> <!-- Default suite -->
</testng-results>
